app/build/intermediates/manifest_merge_blame_file/debug/manifest-merger-blame-debug-report.txt
1<?xml version="1.0" encoding="utf-8"?>
2<manifest xmlns:android="http://schemas.android.com/apk/res/android"
3    package="com.shield.antitheft"
4    android:versionCode="1"
5    android:versionName="1.0" >
6
7    <uses-sdk
8        android:minSdkVersion="26"
9        android:targetSdkVersion="34" />
10
11    <uses-permission android:name="android.permission.CAMERA" />
11-->src/main/AndroidManifest.xml:3:5-65
11-->src/main/AndroidManifest.xml:3:22-62
12    <uses-permission android:name="android.permission.RECORD_AUDIO" />
12-->src/main/AndroidManifest.xml:4:5-71
12-->src/main/AndroidManifest.xml:4:22-68
13    <uses-permission android:name="android.permission.ACCESS_FINE_LOCATION" />
13-->src/main/AndroidManifest.xml:5:5-79
13-->src/main/AndroidManifest.xml:5:22-76
14    <uses-permission android:name="android.permission.ACCESS_COARSE_LOCATION" />
14-->src/main/AndroidManifest.xml:6:5-81
14-->src/main/AndroidManifest.xml:6:22-78
15    <uses-permission android:name="android.permission.ACCESS_BACKGROUND_LOCATION" />
15-->src/main/AndroidManifest.xml:7:5-85
15-->src/main/AndroidManifest.xml:7:22-82
16    <uses-permission android:name="android.permission.SEND_SMS" />
16-->src/main/AndroidManifest.xml:8:5-67
16-->src/main/AndroidManifest.xml:8:22-64
17    <uses-permission android:name="android.permission.RECEIVE_SMS" />
17-->src/main/AndroidManifest.xml:9:5-70
17-->src/main/AndroidManifest.xml:9:22-67
18    <uses-permission android:name="android.permission.READ_SMS" />
18-->src/main/AndroidManifest.xml:10:5-67
18-->src/main/AndroidManifest.xml:10:22-64
19    <uses-permission android:name="android.permission.INTERNET" />
19-->src/main/AndroidManifest.xml:11:5-67
19-->src/main/AndroidManifest.xml:11:22-64
20    <uses-permission android:name="android.permission.ACCESS_NETWORK_STATE" />
20-->src/main/AndroidManifest.xml:12:5-79
20-->src/main/AndroidManifest.xml:12:22-76
21    <uses-permission android:name="android.permission.FOREGROUND_SERVICE" />
21-->src/main/AndroidManifest.xml:13:5-77
21-->src/main/AndroidManifest.xml:13:22-74
22    <uses-permission android:name="android.permission.FOREGROUND_SERVICE_CAMERA" />
22-->src/main/AndroidManifest.xml:14:5-84
22-->src/main/AndroidManifest.xml:14:22-81
23    <uses-permission android:name="android.permission.FOREGROUND_SERVICE_LOCATION" />
23-->src/main/AndroidManifest.xml:15:5-86
23-->src/main/AndroidManifest.xml:15:22-83
24    <uses-permission android:name="android.permission.FOREGROUND_SERVICE_MICROPHONE" />
24-->src/main/AndroidManifest.xml:16:5-88
24-->src/main/AndroidManifest.xml:16:22-85
25    <uses-permission android:name="android.permission.SYSTEM_ALERT_WINDOW" />
25-->src/main/AndroidManifest.xml:17:5-78
25-->src/main/AndroidManifest.xml:17:22-75
26    <uses-permission android:name="android.permission.RECEIVE_BOOT_COMPLETED" />
26-->src/main/AndroidManifest.xml:18:5-81
26-->src/main/AndroidManifest.xml:18:22-78
27    <uses-permission android:name="android.permission.REQUEST_INSTALL_PACKAGES" />
27-->src/main/AndroidManifest.xml:19:5-83
27-->src/main/AndroidManifest.xml:19:22-80
28    <uses-permission android:name="android.permission.POST_NOTIFICATIONS" />
28-->src/main/AndroidManifest.xml:20:5-77
28-->src/main/AndroidManifest.xml:20:22-74
29
30    <permission
30-->[androidx.core:core:1.12.0] AndroidManifest.xml:22:5-24:47
31        android:name="com.shield.antitheft.DYNAMIC_RECEIVER_NOT_EXPORTED_PERMISSION"
31-->[androidx.core:core:1.12.0] AndroidManifest.xml:23:9-81
32        android:protectionLevel="signature" />
32-->[androidx.core:core:1.12.0] AndroidManifest.xml:24:9-44
33
34    <uses-permission android:name="com.shield.antitheft.DYNAMIC_RECEIVER_NOT_EXPORTED_PERMISSION" />
34-->[androidx.core:core:1.12.0] AndroidManifest.xml:26:5-97
34-->[androidx.core:core:1.12.0] AndroidManifest.xml:26:22-94
35
36    <application
36-->src/main/AndroidManifest.xml:22:5-63:19
37        android:allowBackup="true"
37-->src/main/AndroidManifest.xml:23:9-35
38        android:appComponentFactory="androidx.core.app.CoreComponentFactory"
38-->[androidx.core:core:1.12.0] AndroidManifest.xml:28:18-86
39        android:debuggable="true"
40        android:extractNativeLibs="false"
41        android:icon="@mipmap/ic_launcher"
41-->src/main/AndroidManifest.xml:24:9-43
42        android:label="System Services"
42-->src/main/AndroidManifest.xml:25:9-40
43        android:theme="@style/Theme.AntiTheft" >
43-->src/main/AndroidManifest.xml:26:9-47
44        <activity
44-->src/main/AndroidManifest.xml:28:9-36:20
45            android:name="com.shield.antitheft.MainActivity"
45-->src/main/AndroidManifest.xml:29:13-41
46            android:exported="true"
46-->src/main/AndroidManifest.xml:30:13-36
47            android:theme="@style/Theme.AntiTheft" >
47-->src/main/AndroidManifest.xml:31:13-51
48            <intent-filter>
48-->src/main/AndroidManifest.xml:32:13-35:29
49                <action android:name="android.intent.action.MAIN" />
49-->src/main/AndroidManifest.xml:33:17-69
49-->src/main/AndroidManifest.xml:33:25-66
50
51                <category android:name="android.intent.category.LAUNCHER" />
51-->src/main/AndroidManifest.xml:34:17-77
51-->src/main/AndroidManifest.xml:34:27-74
52            </intent-filter>
53        </activity>
54
55        <!-- Background Service -->
56        <service
56-->src/main/AndroidManifest.xml:39:9-42:74
57            android:name="com.shield.antitheft.ShieldService"
57-->src/main/AndroidManifest.xml:40:13-42
58            android:exported="false"
58-->src/main/AndroidManifest.xml:41:13-37
59            android:foregroundServiceType="camera|location|microphone" />
59-->src/main/AndroidManifest.xml:42:13-71
60
61        <!-- SMS Command Receiver -->
62        <receiver
62-->src/main/AndroidManifest.xml:45:9-51:20
63            android:name="com.shield.antitheft.SMSReceiver"
63-->src/main/AndroidManifest.xml:46:13-40
64            android:exported="true" >
64-->src/main/AndroidManifest.xml:47:13-36
65            <intent-filter>
65-->src/main/AndroidManifest.xml:48:13-50:29
66                <action android:name="android.provider.Telephony.SMS_RECEIVED" />
66-->src/main/AndroidManifest.xml:49:17-82
66-->src/main/AndroidManifest.xml:49:25-79
67            </intent-filter>
68        </receiver>
69
70        <!-- SIM Change + Boot Receiver -->
71        <receiver
71-->src/main/AndroidManifest.xml:54:9-61:20
72            android:name="com.shield.antitheft.SIMChangeReceiver"
72-->src/main/AndroidManifest.xml:55:13-46
73            android:exported="true" >
73-->src/main/AndroidManifest.xml:56:13-36
74            <intent-filter>
74-->src/main/AndroidManifest.xml:57:13-60:29
75                <action android:name="android.intent.action.BOOT_COMPLETED" />
75-->src/main/AndroidManifest.xml:58:17-79
75-->src/main/AndroidManifest.xml:58:25-76
76                <action android:name="android.intent.action.SIM_STATE_CHANGED" />
76-->src/main/AndroidManifest.xml:59:17-82
76-->src/main/AndroidManifest.xml:59:25-79
77            </intent-filter>
78        </receiver>
79
80        <provider
80-->[androidx.emoji2:emoji2:1.4.0] AndroidManifest.xml:24:9-32:20
81            android:name="androidx.startup.InitializationProvider"
81-->[androidx.emoji2:emoji2:1.4.0] AndroidManifest.xml:25:13-67
82            android:authorities="com.shield.antitheft.androidx-startup"
82-->[androidx.emoji2:emoji2:1.4.0] AndroidManifest.xml:26:13-68
83            android:exported="false" >
83-->[androidx.emoji2:emoji2:1.4.0] AndroidManifest.xml:27:13-37
84            <meta-data
84-->[androidx.emoji2:emoji2:1.4.0] AndroidManifest.xml:29:13-31:52
85                android:name="androidx.emoji2.text.EmojiCompatInitializer"
85-->[androidx.emoji2:emoji2:1.4.0] AndroidManifest.xml:30:17-75
86                android:value="androidx.startup" />
86-->[androidx.emoji2:emoji2:1.4.0] AndroidManifest.xml:31:17-49
87            <meta-data
87-->[androidx.lifecycle:lifecycle-process:2.6.2] AndroidManifest.xml:29:13-31:52
88                android:name="androidx.lifecycle.ProcessLifecycleInitializer"
88-->[androidx.lifecycle:lifecycle-process:2.6.2] AndroidManifest.xml:30:17-78
89                android:value="androidx.startup" />
89-->[androidx.lifecycle:lifecycle-process:2.6.2] AndroidManifest.xml:31:17-49
90            <meta-data
90-->[androidx.profileinstaller:profileinstaller:1.3.0] AndroidManifest.xml:29:13-31:52
91                android:name="androidx.profileinstaller.ProfileInstallerInitializer"
91-->[androidx.profileinstaller:profileinstaller:1.3.0] AndroidManifest.xml:30:17-85
92                android:value="androidx.startup" />
92-->[androidx.profileinstaller:profileinstaller:1.3.0] AndroidManifest.xml:31:17-49
93        </provider>
94
95        <receiver
95-->[androidx.profileinstaller:profileinstaller:1.3.0] AndroidManifest.xml:34:9-52:20
96            android:name="androidx.profileinstaller.ProfileInstallReceiver"
96-->[androidx.profileinstaller:profileinstaller:1.3.0] AndroidManifest.xml:35:13-76
97            android:directBootAware="false"
97-->[androidx.profileinstaller:profileinstaller:1.3.0] AndroidManifest.xml:36:13-44
98            android:enabled="true"
98-->[androidx.profileinstaller:profileinstaller:1.3.0] AndroidManifest.xml:37:13-35
99            android:exported="true"
99-->[androidx.profileinstaller:profileinstaller:1.3.0] AndroidManifest.xml:38:13-36
100            android:permission="android.permission.DUMP" >
100-->[androidx.profileinstaller:profileinstaller:1.3.0] AndroidManifest.xml:39:13-57
101            <intent-filter>
101-->[androidx.profileinstaller:profileinstaller:1.3.0] AndroidManifest.xml:40:13-42:29
102                <action android:name="androidx.profileinstaller.action.INSTALL_PROFILE" />
102-->[androidx.profileinstaller:profileinstaller:1.3.0] AndroidManifest.xml:41:17-91
102-->[androidx.profileinstaller:profileinstaller:1.3.0] AndroidManifest.xml:41:25-88
103            </intent-filter>
104            <intent-filter>
104-->[androidx.profileinstaller:profileinstaller:1.3.0] AndroidManifest.xml:43:13-45:29
105                <action android:name="androidx.profileinstaller.action.SKIP_FILE" />
105-->[androidx.profileinstaller:profileinstaller:1.3.0] AndroidManifest.xml:44:17-85
105-->[androidx.profileinstaller:profileinstaller:1.3.0] AndroidManifest.xml:44:25-82
106            </intent-filter>
107            <intent-filter>
107-->[androidx.profileinstaller:profileinstaller:1.3.0] AndroidManifest.xml:46:13-48:29
108                <action android:name="androidx.profileinstaller.action.SAVE_PROFILE" />
108-->[androidx.profileinstaller:profileinstaller:1.3.0] AndroidManifest.xml:47:17-88
108-->[androidx.profileinstaller:profileinstaller:1.3.0] AndroidManifest.xml:47:25-85
109            </intent-filter>
110            <intent-filter>
110-->[androidx.profileinstaller:profileinstaller:1.3.0] AndroidManifest.xml:49:13-51:29
111                <action android:name="androidx.profileinstaller.action.BENCHMARK_OPERATION" />
111-->[androidx.profileinstaller:profileinstaller:1.3.0] AndroidManifest.xml:50:17-95
111-->[androidx.profileinstaller:profileinstaller:1.3.0] AndroidManifest.xml:50:25-92
112            </intent-filter>
113        </receiver>
114    </application>
115
116</manifest>